<?xml version="1.0" encoding="UTF-8"?>
<!-- Generated by org.testng.reporters.JUnitReportReporter -->
<testsuite hostname="DESKTOP-24T7UKH" failures="0" tests="1" name="test.TestRunners" time="8.189" errors="0" timestamp="2024-05-24T17:07:59 IST" skipped="0">
  <testcase classname="test.TestRunners" name="TC001_RegisterUser" time="8.189"/>
</testsuite> <!-- test.TestRunners -->
