<?xml version="1.0" encoding="UTF-8"?>
<!-- Generated by org.testng.reporters.JUnitReportReporter -->
<testsuite hostname="DESKTOP-24T7UKH" failures="0" tests="1" name="test.TestRunners" time="9.124" errors="0" timestamp="2024-05-17T20:06:34 IST" skipped="0">
  <testcase classname="test.TestRunners" name="TC001_RegisterUser" time="9.124"/>
</testsuite> <!-- test.TestRunners -->
